[6914:259:0123/202205.706549:WARNING:chrome_main_delegate.cc(668)] This is Chrome version 121.0.6167.85 (not a warning)
[6914:259:0123/202205.938685:INFO:policy_logger.cc(144)] :components/enterprise/browser/controller/chrome_browser_cloud_management_controller.cc(168) Starting CBCM Controller Initialization
[6914:259:0123/202205.938711:INFO:policy_logger.cc(144)] :components/enterprise/browser/controller/chrome_browser_cloud_management_controller.cc(196) No machine level policy manager exists.
[6914:259:0123/202207.090806:INFO:CONSOLE(1)] "20:22:07.090: ErrorCollector: enabled", source: https://s4.bcbits.com/bundle/bundle/1/global_head-2ffff7829604c31f69e180ad253a6654.js (1)
[6914:259:0123/202207.091437:INFO:CONSOLE(1)] "20:22:07.090: Capabilities: registered test hasSVG; classname=has-svg", source: https://s4.bcbits.com/bundle/bundle/1/global_head-2ffff7829604c31f69e180ad253a6654.js (1)
[6914:259:0123/202207.091781:INFO:CONSOLE(1)] "20:22:07.090: Capabilities: registered test hasCSSOM; classname=has-cssom", source: https://s4.bcbits.com/bundle/bundle/1/global_head-2ffff7829604c31f69e180ad253a6654.js (1)
[6914:259:0123/202207.091804:INFO:CONSOLE(1)] "20:22:07.091: Capabilities: registered test hasHover; classname=has-hover", source: https://s4.bcbits.com/bundle/bundle/1/global_head-2ffff7829604c31f69e180ad253a6654.js (1)
[6914:259:0123/202207.091822:INFO:CONSOLE(1)] "20:22:07.091: Capabilities: registered test hasTouch; classname=no-touch", source: https://s4.bcbits.com/bundle/bundle/1/global_head-2ffff7829604c31f69e180ad253a6654.js (1)
[6914:259:0123/202207.091840:INFO:CONSOLE(1)] "20:22:07.091: Capabilities: registered test hasAnimation; classname=has-anim", source: https://s4.bcbits.com/bundle/bundle/1/global_head-2ffff7829604c31f69e180ad253a6654.js (1)
[6914:259:0123/202207.091857:INFO:CONSOLE(1)] "20:22:07.091: hiding params [from, play, newsletter, show_archive, la_invitation, verify_paypal_link_invalid, .reload, mvp] from url query", source: https://s4.bcbits.com/bundle/bundle/1/global_head-2ffff7829604c31f69e180ad253a6654.js (1)
[6914:259:0123/202207.161951:INFO:CONSOLE(1)] "20:22:07.161: initializing notifications", source: https://s4.bcbits.com/bundle/bundle/1/global_head-2ffff7829604c31f69e180ad253a6654.js (1)
[6914:259:0123/202207.172459:INFO:CONSOLE(1)] "20:22:07.172: hiding params [launch_edit_design] from url query", source: https://s4.bcbits.com/bundle/bundle/1/global_head-2ffff7829604c31f69e180ad253a6654.js (1)
[6914:259:0123/202207.173847:INFO:CONSOLE(1)] "Knockout: Replace "function(){showMobileMenu(false);}" with "() => showMobileMenu(false) && undefined"", source: https://s4.bcbits.com/bundle/bundle/1/tko_trackpipe-938ae9ff35601192e726408809472891.js (1)
[6914:259:0123/202207.176214:INFO:CONSOLE(1)] "Knockout: Replace "function(){showMobileMenu(true);}" with "() => showMobileMenu(true) && undefined"", source: https://s4.bcbits.com/bundle/bundle/1/tko_trackpipe-938ae9ff35601192e726408809472891.js (1)
[6914:259:0123/202207.178361:INFO:CONSOLE(1)] "20:22:07.178: bind tos banner", source: https://s4.bcbits.com/bundle/bundle/1/global_head-2ffff7829604c31f69e180ad253a6654.js (1)
[6914:259:0123/202207.180015:INFO:CONSOLE(1)] "20:22:07.179: FanControls.getData: data is not yet present", source: https://s4.bcbits.com/bundle/bundle/1/global_head-2ffff7829604c31f69e180ad253a6654.js (1)
[6914:259:0123/202207.229768:INFO:CONSOLE(1)] "20:22:07.229: FanControls.getData: xhr finished", source: https://s4.bcbits.com/bundle/bundle/1/global_head-2ffff7829604c31f69e180ad253a6654.js (1)
[6914:259:0123/202207.296808:INFO:CONSOLE(1)] "20:22:07.296: FanControls.initializeItems getting data", source: https://s4.bcbits.com/bundle/bundle/1/global_head-2ffff7829604c31f69e180ad253a6654.js (1)
[6914:259:0123/202207.296884:INFO:CONSOLE(1)] "20:22:07.296: FanControls.getData: data is present", source: https://s4.bcbits.com/bundle/bundle/1/global_head-2ffff7829604c31f69e180ad253a6654.js (1)
[6914:259:0123/202207.297060:INFO:CONSOLE(1)] "20:22:07.296: FanControls.initializeItems got data, doing some stuff", source: https://s4.bcbits.com/bundle/bundle/1/global_head-2ffff7829604c31f69e180ad253a6654.js (1)
[6914:259:0123/202207.310614:INFO:CONSOLE(1)] "Knockout: Replace "function(){ loadPageInline();}" with "() => loadPageInline() && undefined"", source: https://s4.bcbits.com/bundle/bundle/1/tko_trackpipe-938ae9ff35601192e726408809472891.js (1)
[6914:259:0123/202207.328873:INFO:CONSOLE(1)] "Knockout: Replace "function(){ playMe();}" with "() => playMe() && undefined"", source: https://s4.bcbits.com/bundle/bundle/1/tko_trackpipe-938ae9ff35601192e726408809472891.js (1)
[6914:259:0123/202207.333579:INFO:CONSOLE(1)] "Knockout: Replace "function(){ playMe();}" with "() => playMe() && undefined"", source: https://s4.bcbits.com/bundle/bundle/1/tko_trackpipe-938ae9ff35601192e726408809472891.js (1)
[6914:259:0123/202207.337610:INFO:CONSOLE(1)] "Knockout: Replace "function(){ playMe();}" with "() => playMe() && undefined"", source: https://s4.bcbits.com/bundle/bundle/1/tko_trackpipe-938ae9ff35601192e726408809472891.js (1)
[6914:259:0123/202207.342065:INFO:CONSOLE(1)] "Knockout: Replace "function(){ playMe();}" with "() => playMe() && undefined"", source: https://s4.bcbits.com/bundle/bundle/1/tko_trackpipe-938ae9ff35601192e726408809472891.js (1)
[6914:259:0123/202207.345886:INFO:CONSOLE(1)] "Knockout: Replace "function(){ playMe();}" with "() => playMe() && undefined"", source: https://s4.bcbits.com/bundle/bundle/1/tko_trackpipe-938ae9ff35601192e726408809472891.js (1)
[6914:259:0123/202207.350137:INFO:CONSOLE(1)] "Knockout: Replace "function(){ playMe();}" with "() => playMe() && undefined"", source: https://s4.bcbits.com/bundle/bundle/1/tko_trackpipe-938ae9ff35601192e726408809472891.js (1)
[6914:259:0123/202207.352842:INFO:CONSOLE(1)] "Knockout: Replace "function(){ playMe();}" with "() => playMe() && undefined"", source: https://s4.bcbits.com/bundle/bundle/1/tko_trackpipe-938ae9ff35601192e726408809472891.js (1)
[6914:259:0123/202207.355694:INFO:CONSOLE(1)] "Knockout: Replace "function(){ playMe();}" with "() => playMe() && undefined"", source: https://s4.bcbits.com/bundle/bundle/1/tko_trackpipe-938ae9ff35601192e726408809472891.js (1)
[6914:259:0123/202207.358605:INFO:CONSOLE(1)] "Knockout: Replace "function(){ playMe();}" with "() => playMe() && undefined"", source: https://s4.bcbits.com/bundle/bundle/1/tko_trackpipe-938ae9ff35601192e726408809472891.js (1)
[6914:259:0123/202207.361019:INFO:CONSOLE(1)] "Knockout: Replace "function(){ playMe();}" with "() => playMe() && undefined"", source: https://s4.bcbits.com/bundle/bundle/1/tko_trackpipe-938ae9ff35601192e726408809472891.js (1)
[6914:259:0123/202207.365656:INFO:CONSOLE(1)] "Knockout: Replace "function(){ playMe();}" with "() => playMe() && undefined"", source: https://s4.bcbits.com/bundle/bundle/1/tko_trackpipe-938ae9ff35601192e726408809472891.js (1)
[6914:259:0123/202207.369785:INFO:CONSOLE(1)] "Knockout: Replace "function(){ playMe();}" with "() => playMe() && undefined"", source: https://s4.bcbits.com/bundle/bundle/1/tko_trackpipe-938ae9ff35601192e726408809472891.js (1)
[6914:259:0123/202207.373733:INFO:CONSOLE(1)] "Knockout: Replace "function(){ playMe();}" with "() => playMe() && undefined"", source: https://s4.bcbits.com/bundle/bundle/1/tko_trackpipe-938ae9ff35601192e726408809472891.js (1)
[6914:259:0123/202207.377747:INFO:CONSOLE(1)] "Knockout: Replace "function(){ playMe();}" with "() => playMe() && undefined"", source: https://s4.bcbits.com/bundle/bundle/1/tko_trackpipe-938ae9ff35601192e726408809472891.js (1)
[6914:259:0123/202207.381516:INFO:CONSOLE(1)] "Knockout: Replace "function(){ playMe();}" with "() => playMe() && undefined"", source: https://s4.bcbits.com/bundle/bundle/1/tko_trackpipe-938ae9ff35601192e726408809472891.js (1)
[6914:259:0123/202207.420056:INFO:CONSOLE(1)] "20:22:07.419: FanControls.initializeItems getting data", source: https://s4.bcbits.com/bundle/bundle/1/global_head-2ffff7829604c31f69e180ad253a6654.js (1)
[6914:259:0123/202207.420113:INFO:CONSOLE(1)] "20:22:07.420: FanControls.getData: data is present", source: https://s4.bcbits.com/bundle/bundle/1/global_head-2ffff7829604c31f69e180ad253a6654.js (1)
[6914:259:0123/202207.420153:INFO:CONSOLE(1)] "20:22:07.420: FanControls.initializeItems got data, doing some stuff", source: https://s4.bcbits.com/bundle/bundle/1/global_head-2ffff7829604c31f69e180ad253a6654.js (1)
[6914:259:0123/202207.424797:INFO:CONSOLE(1)] "Knockout: Replace "function(){ $parent.UISelectPill($data);}" with "() => $parent.UISelectPill($data) && undefined"", source: https://s4.bcbits.com/bundle/bundle/1/tko_trackpipe-938ae9ff35601192e726408809472891.js (1)
[6914:259:0123/202207.425082:INFO:CONSOLE(1)] "Knockout: Replace "function(){ $parent.UISelectPill($data);}" with "() => $parent.UISelectPill($data) && undefined"", source: https://s4.bcbits.com/bundle/bundle/1/tko_trackpipe-938ae9ff35601192e726408809472891.js (1)
[6914:259:0123/202207.425219:INFO:CONSOLE(1)] "Knockout: Replace "function(){ $parent.UISelectPill($data);}" with "() => $parent.UISelectPill($data) && undefined"", source: https://s4.bcbits.com/bundle/bundle/1/tko_trackpipe-938ae9ff35601192e726408809472891.js (1)
[6914:259:0123/202207.425385:INFO:CONSOLE(1)] "Knockout: Replace "function(){ $parent.UISelectPill($data);}" with "() => $parent.UISelectPill($data) && undefined"", source: https://s4.bcbits.com/bundle/bundle/1/tko_trackpipe-938ae9ff35601192e726408809472891.js (1)
[6914:259:0123/202207.425576:INFO:CONSOLE(1)] "Knockout: Replace "function(){ $parent.UISelectPill($data);}" with "() => $parent.UISelectPill($data) && undefined"", source: https://s4.bcbits.com/bundle/bundle/1/tko_trackpipe-938ae9ff35601192e726408809472891.js (1)
[6914:259:0123/202207.425734:INFO:CONSOLE(1)] "Knockout: Replace "function(){ $parent.UISelectPill($data);}" with "() => $parent.UISelectPill($data) && undefined"", source: https://s4.bcbits.com/bundle/bundle/1/tko_trackpipe-938ae9ff35601192e726408809472891.js (1)
[6914:259:0123/202207.425864:INFO:CONSOLE(1)] "Knockout: Replace "function(){ $parent.UISelectPill($data);}" with "() => $parent.UISelectPill($data) && undefined"", source: https://s4.bcbits.com/bundle/bundle/1/tko_trackpipe-938ae9ff35601192e726408809472891.js (1)
[6914:259:0123/202207.426026:INFO:CONSOLE(1)] "Knockout: Replace "function(){ $parent.UISelectPill($data);}" with "() => $parent.UISelectPill($data) && undefined"", source: https://s4.bcbits.com/bundle/bundle/1/tko_trackpipe-938ae9ff35601192e726408809472891.js (1)
[6914:259:0123/202207.426190:INFO:CONSOLE(1)] "Knockout: Replace "function(){ $parent.UISelectPill($data);}" with "() => $parent.UISelectPill($data) && undefined"", source: https://s4.bcbits.com/bundle/bundle/1/tko_trackpipe-938ae9ff35601192e726408809472891.js (1)
[6914:259:0123/202207.426347:INFO:CONSOLE(1)] "Knockout: Replace "function(){ $parent.UISelectPill($data);}" with "() => $parent.UISelectPill($data) && undefined"", source: https://s4.bcbits.com/bundle/bundle/1/tko_trackpipe-938ae9ff35601192e726408809472891.js (1)
[6914:259:0123/202207.426520:INFO:CONSOLE(1)] "Knockout: Replace "function(){ $parent.UISelectPill($data);}" with "() => $parent.UISelectPill($data) && undefined"", source: https://s4.bcbits.com/bundle/bundle/1/tko_trackpipe-938ae9ff35601192e726408809472891.js (1)
[6914:259:0123/202207.426671:INFO:CONSOLE(1)] "Knockout: Replace "function(){ $parent.UISelectPill($data);}" with "() => $parent.UISelectPill($data) && undefined"", source: https://s4.bcbits.com/bundle/bundle/1/tko_trackpipe-938ae9ff35601192e726408809472891.js (1)
[6914:259:0123/202207.426804:INFO:CONSOLE(1)] "Knockout: Replace "function(){ $parent.UISelectPill($data);}" with "() => $parent.UISelectPill($data) && undefined"", source: https://s4.bcbits.com/bundle/bundle/1/tko_trackpipe-938ae9ff35601192e726408809472891.js (1)
[6914:259:0123/202207.426977:INFO:CONSOLE(1)] "Knockout: Replace "function(){ $parent.UISelectPill($data);}" with "() => $parent.UISelectPill($data) && undefined"", source: https://s4.bcbits.com/bundle/bundle/1/tko_trackpipe-938ae9ff35601192e726408809472891.js (1)
[6914:259:0123/202207.427152:INFO:CONSOLE(1)] "Knockout: Replace "function(){ $parent.UISelectPill($data);}" with "() => $parent.UISelectPill($data) && undefined"", source: https://s4.bcbits.com/bundle/bundle/1/tko_trackpipe-938ae9ff35601192e726408809472891.js (1)
[6914:259:0123/202207.427290:INFO:CONSOLE(1)] "Knockout: Replace "function(){ $parent.UISelectPill($data);}" with "() => $parent.UISelectPill($data) && undefined"", source: https://s4.bcbits.com/bundle/bundle/1/tko_trackpipe-938ae9ff35601192e726408809472891.js (1)
[6914:259:0123/202207.427431:INFO:CONSOLE(1)] "Knockout: Replace "function(){ $parent.UISelectPill($data);}" with "() => $parent.UISelectPill($data) && undefined"", source: https://s4.bcbits.com/bundle/bundle/1/tko_trackpipe-938ae9ff35601192e726408809472891.js (1)
[6914:259:0123/202207.427582:INFO:CONSOLE(1)] "Knockout: Replace "function(){ $parent.UISelectPill($data);}" with "() => $parent.UISelectPill($data) && undefined"", source: https://s4.bcbits.com/bundle/bundle/1/tko_trackpipe-938ae9ff35601192e726408809472891.js (1)
[6914:259:0123/202207.427737:INFO:CONSOLE(1)] "Knockout: Replace "function(){ $parent.UISelectPill($data);}" with "() => $parent.UISelectPill($data) && undefined"", source: https://s4.bcbits.com/bundle/bundle/1/tko_trackpipe-938ae9ff35601192e726408809472891.js (1)
[6914:259:0123/202207.427869:INFO:CONSOLE(1)] "Knockout: Replace "function(){ $parent.UISelectPill($data);}" with "() => $parent.UISelectPill($data) && undefined"", source: https://s4.bcbits.com/bundle/bundle/1/tko_trackpipe-938ae9ff35601192e726408809472891.js (1)
[6914:259:0123/202207.428037:INFO:CONSOLE(1)] "Knockout: Replace "function(){ $parent.UISelectPill($data);}" with "() => $parent.UISelectPill($data) && undefined"", source: https://s4.bcbits.com/bundle/bundle/1/tko_trackpipe-938ae9ff35601192e726408809472891.js (1)
[6914:259:0123/202207.428201:INFO:CONSOLE(1)] "Knockout: Replace "function(){ $parent.UISelectPill($data);}" with "() => $parent.UISelectPill($data) && undefined"", source: https://s4.bcbits.com/bundle/bundle/1/tko_trackpipe-938ae9ff35601192e726408809472891.js (1)
[6914:259:0123/202207.428338:INFO:CONSOLE(1)] "Knockout: Replace "function(){ $parent.UISelectPill($data);}" with "() => $parent.UISelectPill($data) && undefined"", source: https://s4.bcbits.com/bundle/bundle/1/tko_trackpipe-938ae9ff35601192e726408809472891.js (1)
[6914:259:0123/202207.428499:INFO:CONSOLE(1)] "Knockout: Replace "function(){ $parent.UISelectPill($data);}" with "() => $parent.UISelectPill($data) && undefined"", source: https://s4.bcbits.com/bundle/bundle/1/tko_trackpipe-938ae9ff35601192e726408809472891.js (1)
[6914:259:0123/202207.428647:INFO:CONSOLE(1)] "Knockout: Replace "function(){ $parent.UISelectPill($data);}" with "() => $parent.UISelectPill($data) && undefined"", source: https://s4.bcbits.com/bundle/bundle/1/tko_trackpipe-938ae9ff35601192e726408809472891.js (1)
[6914:259:0123/202207.430011:INFO:CONSOLE(1)] "Knockout: Replace "function(){ $parent.UISelectPill($data);}" with "() => $parent.UISelectPill($data) && undefined"", source: https://s4.bcbits.com/bundle/bundle/1/tko_trackpipe-938ae9ff35601192e726408809472891.js (1)
[6914:259:0123/202207.430270:INFO:CONSOLE(1)] "Knockout: Replace "function(){ $parent.UISelectPill($data);}" with "() => $parent.UISelectPill($data) && undefined"", source: https://s4.bcbits.com/bundle/bundle/1/tko_trackpipe-938ae9ff35601192e726408809472891.js (1)
[6914:259:0123/202207.430450:INFO:CONSOLE(1)] "Knockout: Replace "function(){ scrollLeft();}" with "() => scrollLeft() && undefined"", source: https://s4.bcbits.com/bundle/bundle/1/tko_trackpipe-938ae9ff35601192e726408809472891.js (1)
[6914:259:0123/202207.430663:INFO:CONSOLE(1)] "Knockout: Replace "function(){ scrollRight();}" with "() => scrollRight() && undefined"", source: https://s4.bcbits.com/bundle/bundle/1/tko_trackpipe-938ae9ff35601192e726408809472891.js (1)
[6914:259:0123/202207.431671:INFO:CONSOLE(1)] "Knockout: Replace "function(){ scrollLeft();}" with "() => scrollLeft() && undefined"", source: https://s4.bcbits.com/bundle/bundle/1/tko_trackpipe-938ae9ff35601192e726408809472891.js (1)
[6914:259:0123/202207.431956:INFO:CONSOLE(1)] "Knockout: Replace "function(){ scrollRight();}" with "() => scrollRight() && undefined"", source: https://s4.bcbits.com/bundle/bundle/1/tko_trackpipe-938ae9ff35601192e726408809472891.js (1)
[6914:259:0123/202207.432406:INFO:CONSOLE(1)] "Knockout: Replace "function(){ $parent.UISelectPill($data);}" with "() => $parent.UISelectPill($data) && undefined"", source: https://s4.bcbits.com/bundle/bundle/1/tko_trackpipe-938ae9ff35601192e726408809472891.js (1)
[6914:259:0123/202207.432687:INFO:CONSOLE(1)] "Knockout: Replace "function(){ $parent.UISelectPill($data);}" with "() => $parent.UISelectPill($data) && undefined"", source: https://s4.bcbits.com/bundle/bundle/1/tko_trackpipe-938ae9ff35601192e726408809472891.js (1)
[6914:259:0123/202207.432966:INFO:CONSOLE(1)] "Knockout: Replace "function(){ $parent.UISelectPill($data);}" with "() => $parent.UISelectPill($data) && undefined"", source: https://s4.bcbits.com/bundle/bundle/1/tko_trackpipe-938ae9ff35601192e726408809472891.js (1)
[6914:259:0123/202207.433550:INFO:CONSOLE(1)] "Knockout: Replace "function(){ $parent.UISelectPill($data);}" with "() => $parent.UISelectPill($data) && undefined"", source: https://s4.bcbits.com/bundle/bundle/1/tko_trackpipe-938ae9ff35601192e726408809472891.js (1)
[6914:259:0123/202207.433822:INFO:CONSOLE(1)] "Knockout: Replace "function(){ $parent.UISelectPill($data);}" with "() => $parent.UISelectPill($data) && undefined"", source: https://s4.bcbits.com/bundle/bundle/1/tko_trackpipe-938ae9ff35601192e726408809472891.js (1)
[6914:259:0123/202207.434100:INFO:CONSOLE(1)] "Knockout: Replace "function(){ $parent.UISelectPill($data);}" with "() => $parent.UISelectPill($data) && undefined"", source: https://s4.bcbits.com/bundle/bundle/1/tko_trackpipe-938ae9ff35601192e726408809472891.js (1)
[6914:259:0123/202207.434323:INFO:CONSOLE(1)] "Knockout: Replace "function(){ $parent.UISelectPill($data);}" with "() => $parent.UISelectPill($data) && undefined"", source: https://s4.bcbits.com/bundle/bundle/1/tko_trackpipe-938ae9ff35601192e726408809472891.js (1)
[6914:259:0123/202207.434480:INFO:CONSOLE(1)] "Knockout: Replace "function(){ $parent.UISelectPill($data);}" with "() => $parent.UISelectPill($data) && undefined"", source: https://s4.bcbits.com/bundle/bundle/1/tko_trackpipe-938ae9ff35601192e726408809472891.js (1)
[6914:259:0123/202207.434669:INFO:CONSOLE(1)] "Knockout: Replace "function(){ $parent.UISelectPill($data);}" with "() => $parent.UISelectPill($data) && undefined"", source: https://s4.bcbits.com/bundle/bundle/1/tko_trackpipe-938ae9ff35601192e726408809472891.js (1)
[6914:259:0123/202207.434821:INFO:CONSOLE(1)] "Knockout: Replace "function(){ $parent.UISelectPill($data);}" with "() => $parent.UISelectPill($data) && undefined"", source: https://s4.bcbits.com/bundle/bundle/1/tko_trackpipe-938ae9ff35601192e726408809472891.js (1)
[6914:259:0123/202207.434949:INFO:CONSOLE(1)] "Knockout: Replace "function(){ $parent.UISelectPill($data);}" with "() => $parent.UISelectPill($data) && undefined"", source: https://s4.bcbits.com/bundle/bundle/1/tko_trackpipe-938ae9ff35601192e726408809472891.js (1)
[6914:259:0123/202207.435117:INFO:CONSOLE(1)] "Knockout: Replace "function(){ $parent.UISelectPill($data);}" with "() => $parent.UISelectPill($data) && undefined"", source: https://s4.bcbits.com/bundle/bundle/1/tko_trackpipe-938ae9ff35601192e726408809472891.js (1)
[6914:259:0123/202207.435255:INFO:CONSOLE(1)] "Knockout: Replace "function(){ $parent.UISelectPill($data);}" with "() => $parent.UISelectPill($data) && undefined"", source: https://s4.bcbits.com/bundle/bundle/1/tko_trackpipe-938ae9ff35601192e726408809472891.js (1)
[6914:259:0123/202207.435420:INFO:CONSOLE(1)] "Knockout: Replace "function(){ $parent.UISelectPill($data);}" with "() => $parent.UISelectPill($data) && undefined"", source: https://s4.bcbits.com/bundle/bundle/1/tko_trackpipe-938ae9ff35601192e726408809472891.js (1)
[6914:259:0123/202207.435575:INFO:CONSOLE(1)] "Knockout: Replace "function(){ $parent.UISelectPill($data);}" with "() => $parent.UISelectPill($data) && undefined"", source: https://s4.bcbits.com/bundle/bundle/1/tko_trackpipe-938ae9ff35601192e726408809472891.js (1)
[6914:259:0123/202207.435708:INFO:CONSOLE(1)] "Knockout: Replace "function(){ $parent.UISelectPill($data);}" with "() => $parent.UISelectPill($data) && undefined"", source: https://s4.bcbits.com/bundle/bundle/1/tko_trackpipe-938ae9ff35601192e726408809472891.js (1)
[6914:259:0123/202207.435860:INFO:CONSOLE(1)] "Knockout: Replace "function(){ $parent.UISelectPill($data);}" with "() => $parent.UISelectPill($data) && undefined"", source: https://s4.bcbits.com/bundle/bundle/1/tko_trackpipe-938ae9ff35601192e726408809472891.js (1)
[6914:259:0123/202207.436012:INFO:CONSOLE(1)] "Knockout: Replace "function(){ $parent.UISelectPill($data);}" with "() => $parent.UISelectPill($data) && undefined"", source: https://s4.bcbits.com/bundle/bundle/1/tko_trackpipe-938ae9ff35601192e726408809472891.js (1)
[6914:259:0123/202207.436263:INFO:CONSOLE(1)] "Knockout: Replace "function(){ $parent.UISelectPill($data);}" with "() => $parent.UISelectPill($data) && undefined"", source: https://s4.bcbits.com/bundle/bundle/1/tko_trackpipe-938ae9ff35601192e726408809472891.js (1)
[6914:259:0123/202207.436671:INFO:CONSOLE(1)] "Knockout: Replace "function(){ $parent.UISelectPill($data);}" with "() => $parent.UISelectPill($data) && undefined"", source: https://s4.bcbits.com/bundle/bundle/1/tko_trackpipe-938ae9ff35601192e726408809472891.js (1)
[6914:259:0123/202207.436894:INFO:CONSOLE(1)] "Knockout: Replace "function(){ $parent.UISelectPill($data);}" with "() => $parent.UISelectPill($data) && undefined"", source: https://s4.bcbits.com/bundle/bundle/1/tko_trackpipe-938ae9ff35601192e726408809472891.js (1)
[6914:259:0123/202207.437087:INFO:CONSOLE(1)] "Knockout: Replace "function(){ $parent.UISelectPill($data);}" with "() => $parent.UISelectPill($data) && undefined"", source: https://s4.bcbits.com/bundle/bundle/1/tko_trackpipe-938ae9ff35601192e726408809472891.js (1)
[6914:259:0123/202207.437293:INFO:CONSOLE(1)] "Knockout: Replace "function(){ $parent.UISelectPill($data);}" with "() => $parent.UISelectPill($data) && undefined"", source: https://s4.bcbits.com/bundle/bundle/1/tko_trackpipe-938ae9ff35601192e726408809472891.js (1)
[6914:259:0123/202207.437549:INFO:CONSOLE(1)] "Knockout: Replace "function(){ $parent.UISelectPill($data);}" with "() => $parent.UISelectPill($data) && undefined"", source: https://s4.bcbits.com/bundle/bundle/1/tko_trackpipe-938ae9ff35601192e726408809472891.js (1)
[6914:259:0123/202207.437776:INFO:CONSOLE(1)] "Knockout: Replace "function(){ $parent.UISelectPill($data);}" with "() => $parent.UISelectPill($data) && undefined"", source: https://s4.bcbits.com/bundle/bundle/1/tko_trackpipe-938ae9ff35601192e726408809472891.js (1)
[6914:259:0123/202207.437960:INFO:CONSOLE(1)] "Knockout: Replace "function(){ $parent.UISelectPill($data);}" with "() => $parent.UISelectPill($data) && undefined"", source: https://s4.bcbits.com/bundle/bundle/1/tko_trackpipe-938ae9ff35601192e726408809472891.js (1)
[6914:259:0123/202207.438187:INFO:CONSOLE(1)] "Knockout: Replace "function(){ $parent.UISelectPill($data);}" with "() => $parent.UISelectPill($data) && undefined"", source: https://s4.bcbits.com/bundle/bundle/1/tko_trackpipe-938ae9ff35601192e726408809472891.js (1)
[6914:259:0123/202207.438417:INFO:CONSOLE(1)] "Knockout: Replace "function(){ $parent.UISelectPill($data);}" with "() => $parent.UISelectPill($data) && undefined"", source: https://s4.bcbits.com/bundle/bundle/1/tko_trackpipe-938ae9ff35601192e726408809472891.js (1)
[6914:259:0123/202207.438723:INFO:CONSOLE(1)] "Knockout: Replace "function(){ $parent.UISelectPill($data);}" with "() => $parent.UISelectPill($data) && undefined"", source: https://s4.bcbits.com/bundle/bundle/1/tko_trackpipe-938ae9ff35601192e726408809472891.js (1)
[6914:259:0123/202207.438888:INFO:CONSOLE(1)] "Knockout: Replace "function(){ $parent.UISelectPill($data);}" with "() => $parent.UISelectPill($data) && undefined"", source: https://s4.bcbits.com/bundle/bundle/1/tko_trackpipe-938ae9ff35601192e726408809472891.js (1)
[6914:259:0123/202207.439097:INFO:CONSOLE(1)] "Knockout: Replace "function(){ $parent.UISelectPill($data);}" with "() => $parent.UISelectPill($data) && undefined"", source: https://s4.bcbits.com/bundle/bundle/1/tko_trackpipe-938ae9ff35601192e726408809472891.js (1)
[6914:259:0123/202207.439259:INFO:CONSOLE(1)] "Knockout: Replace "function(){ $parent.UISelectPill($data);}" with "() => $parent.UISelectPill($data) && undefined"", source: https://s4.bcbits.com/bundle/bundle/1/tko_trackpipe-938ae9ff35601192e726408809472891.js (1)
[6914:259:0123/202207.439466:INFO:CONSOLE(1)] "Knockout: Replace "function(){ $parent.UISelectPill($data);}" with "() => $parent.UISelectPill($data) && undefined"", source: https://s4.bcbits.com/bundle/bundle/1/tko_trackpipe-938ae9ff35601192e726408809472891.js (1)
[6914:259:0123/202207.439627:INFO:CONSOLE(1)] "Knockout: Replace "function(){ $parent.UISelectPill($data);}" with "() => $parent.UISelectPill($data) && undefined"", source: https://s4.bcbits.com/bundle/bundle/1/tko_trackpipe-938ae9ff35601192e726408809472891.js (1)
[6914:259:0123/202207.439865:INFO:CONSOLE(1)] "Knockout: Replace "function(){ $parent.UISelectPill($data);}" with "() => $parent.UISelectPill($data) && undefined"", source: https://s4.bcbits.com/bundle/bundle/1/tko_trackpipe-938ae9ff35601192e726408809472891.js (1)
[6914:259:0123/202207.440201:INFO:CONSOLE(1)] "Knockout: Replace "function(){ $parent.UISelectPill($data);}" with "() => $parent.UISelectPill($data) && undefined"", source: https://s4.bcbits.com/bundle/bundle/1/tko_trackpipe-938ae9ff35601192e726408809472891.js (1)
[6914:259:0123/202207.440417:INFO:CONSOLE(1)] "Knockout: Replace "function(){ $parent.UISelectPill($data);}" with "() => $parent.UISelectPill($data) && undefined"", source: https://s4.bcbits.com/bundle/bundle/1/tko_trackpipe-938ae9ff35601192e726408809472891.js (1)
[6914:259:0123/202207.440604:INFO:CONSOLE(1)] "Knockout: Replace "function(){ $parent.UISelectPill($data);}" with "() => $parent.UISelectPill($data) && undefined"", source: https://s4.bcbits.com/bundle/bundle/1/tko_trackpipe-938ae9ff35601192e726408809472891.js (1)
[6914:259:0123/202207.440761:INFO:CONSOLE(1)] "Knockout: Replace "function(){ $parent.UISelectPill($data);}" with "() => $parent.UISelectPill($data) && undefined"", source: https://s4.bcbits.com/bundle/bundle/1/tko_trackpipe-938ae9ff35601192e726408809472891.js (1)
[6914:259:0123/202207.440936:INFO:CONSOLE(1)] "Knockout: Replace "function(){ scrollLeft();}" with "() => scrollLeft() && undefined"", source: https://s4.bcbits.com/bundle/bundle/1/tko_trackpipe-938ae9ff35601192e726408809472891.js (1)
[6914:259:0123/202207.441153:INFO:CONSOLE(1)] "Knockout: Replace "function(){ scrollRight();}" with "() => scrollRight() && undefined"", source: https://s4.bcbits.com/bundle/bundle/1/tko_trackpipe-938ae9ff35601192e726408809472891.js (1)
[6914:259:0123/202207.441692:INFO:CONSOLE(1)] "Knockout: Replace "function(){ $parent.UISelectPill($data);}" with "() => $parent.UISelectPill($data) && undefined"", source: https://s4.bcbits.com/bundle/bundle/1/tko_trackpipe-938ae9ff35601192e726408809472891.js (1)
[6914:259:0123/202207.441884:INFO:CONSOLE(1)] "Knockout: Replace "function(){ $parent.UISelectPill($data);}" with "() => $parent.UISelectPill($data) && undefined"", source: https://s4.bcbits.com/bundle/bundle/1/tko_trackpipe-938ae9ff35601192e726408809472891.js (1)
[6914:259:0123/202207.442035:INFO:CONSOLE(1)] "Knockout: Replace "function(){ $parent.UISelectPill($data);}" with "() => $parent.UISelectPill($data) && undefined"", source: https://s4.bcbits.com/bundle/bundle/1/tko_trackpipe-938ae9ff35601192e726408809472891.js (1)
[6914:259:0123/202207.442175:INFO:CONSOLE(1)] "Knockout: Replace "function(){ $parent.UISelectPill($data);}" with "() => $parent.UISelectPill($data) && undefined"", source: https://s4.bcbits.com/bundle/bundle/1/tko_trackpipe-938ae9ff35601192e726408809472891.js (1)
[6914:259:0123/202207.442322:INFO:CONSOLE(1)] "Knockout: Replace "function(){ $parent.UISelectPill($data);}" with "() => $parent.UISelectPill($data) && undefined"", source: https://s4.bcbits.com/bundle/bundle/1/tko_trackpipe-938ae9ff35601192e726408809472891.js (1)
[6914:259:0123/202207.442742:INFO:CONSOLE(1)] "Knockout: Replace "function(){ $parent.UISelectPill($data);}" with "() => $parent.UISelectPill($data) && undefined"", source: https://s4.bcbits.com/bundle/bundle/1/tko_trackpipe-938ae9ff35601192e726408809472891.js (1)
[6914:259:0123/202207.442856:INFO:CONSOLE(1)] "Knockout: Replace "function(){ $parent.UISelectPill($data);}" with "() => $parent.UISelectPill($data) && undefined"", source: https://s4.bcbits.com/bundle/bundle/1/tko_trackpipe-938ae9ff35601192e726408809472891.js (1)
[6914:259:0123/202207.443214:INFO:CONSOLE(1)] "Knockout: Replace "function(){ $parent.UISelectPill($data);}" with "() => $parent.UISelectPill($data) && undefined"", source: https://s4.bcbits.com/bundle/bundle/1/tko_trackpipe-938ae9ff35601192e726408809472891.js (1)
[6914:259:0123/202207.443398:INFO:CONSOLE(1)] "Knockout: Replace "function(){ $parent.UISelectPill($data);}" with "() => $parent.UISelectPill($data) && undefined"", source: https://s4.bcbits.com/bundle/bundle/1/tko_trackpipe-938ae9ff35601192e726408809472891.js (1)
[6914:259:0123/202207.443596:INFO:CONSOLE(1)] "Knockout: Replace "function(){ $parent.UISelectPill($data);}" with "() => $parent.UISelectPill($data) && undefined"", source: https://s4.bcbits.com/bundle/bundle/1/tko_trackpipe-938ae9ff35601192e726408809472891.js (1)
[6914:259:0123/202207.443745:INFO:CONSOLE(1)] "Knockout: Replace "function(){ $parent.UISelectPill($data);}" with "() => $parent.UISelectPill($data) && undefined"", source: https://s4.bcbits.com/bundle/bundle/1/tko_trackpipe-938ae9ff35601192e726408809472891.js (1)
[6914:259:0123/202207.443900:INFO:CONSOLE(1)] "Knockout: Replace "function(){ $parent.UISelectPill($data);}" with "() => $parent.UISelectPill($data) && undefined"", source: https://s4.bcbits.com/bundle/bundle/1/tko_trackpipe-938ae9ff35601192e726408809472891.js (1)
[6914:259:0123/202207.444048:INFO:CONSOLE(1)] "Knockout: Replace "function(){ $parent.UISelectPill($data);}" with "() => $parent.UISelectPill($data) && undefined"", source: https://s4.bcbits.com/bundle/bundle/1/tko_trackpipe-938ae9ff35601192e726408809472891.js (1)
[6914:259:0123/202207.444193:INFO:CONSOLE(1)] "Knockout: Replace "function(){ $parent.UISelectPill($data);}" with "() => $parent.UISelectPill($data) && undefined"", source: https://s4.bcbits.com/bundle/bundle/1/tko_trackpipe-938ae9ff35601192e726408809472891.js (1)
[6914:259:0123/202207.444344:INFO:CONSOLE(1)] "Knockout: Replace "function(){ $parent.UISelectPill($data);}" with "() => $parent.UISelectPill($data) && undefined"", source: https://s4.bcbits.com/bundle/bundle/1/tko_trackpipe-938ae9ff35601192e726408809472891.js (1)
[6914:259:0123/202207.455128:INFO:CONSOLE(1)] "20:22:07.454: FanControls.initializeItems getting data", source: https://s4.bcbits.com/bundle/bundle/1/global_head-2ffff7829604c31f69e180ad253a6654.js (1)
[6914:259:0123/202207.455173:INFO:CONSOLE(1)] "20:22:07.455: FanControls.getData: data is present", source: https://s4.bcbits.com/bundle/bundle/1/global_head-2ffff7829604c31f69e180ad253a6654.js (1)
[6914:259:0123/202207.455189:INFO:CONSOLE(1)] "20:22:07.455: FanControls.initializeItems got data, doing some stuff", source: https://s4.bcbits.com/bundle/bundle/1/global_head-2ffff7829604c31f69e180ad253a6654.js (1)
[6914:259:0123/202207.456429:INFO:CONSOLE(1)] "20:22:07.456: FanControls.initializeItems getting data", source: https://s4.bcbits.com/bundle/bundle/1/global_head-2ffff7829604c31f69e180ad253a6654.js (1)
[6914:259:0123/202207.456478:INFO:CONSOLE(1)] "20:22:07.456: FanControls.getData: data is present", source: https://s4.bcbits.com/bundle/bundle/1/global_head-2ffff7829604c31f69e180ad253a6654.js (1)
[6914:259:0123/202207.456510:INFO:CONSOLE(1)] "20:22:07.456: FanControls.initializeItems got data, doing some stuff", source: https://s4.bcbits.com/bundle/bundle/1/global_head-2ffff7829604c31f69e180ad253a6654.js (1)
[6914:259:0123/202207.456666:INFO:CONSOLE(1)] "20:22:07.456: FanControls.initializeItems getting data", source: https://s4.bcbits.com/bundle/bundle/1/global_head-2ffff7829604c31f69e180ad253a6654.js (1)
[6914:259:0123/202207.456689:INFO:CONSOLE(1)] "20:22:07.456: FanControls.getData: data is present", source: https://s4.bcbits.com/bundle/bundle/1/global_head-2ffff7829604c31f69e180ad253a6654.js (1)
[6914:259:0123/202207.456731:INFO:CONSOLE(1)] "20:22:07.456: FanControls.initializeItems got data, doing some stuff", source: https://s4.bcbits.com/bundle/bundle/1/global_head-2ffff7829604c31f69e180ad253a6654.js (1)
[6914:259:0123/202207.456821:INFO:CONSOLE(1)] "20:22:07.456: FanControls.initializeItems getting data", source: https://s4.bcbits.com/bundle/bundle/1/global_head-2ffff7829604c31f69e180ad253a6654.js (1)
[6914:259:0123/202207.456843:INFO:CONSOLE(1)] "20:22:07.456: FanControls.getData: data is present", source: https://s4.bcbits.com/bundle/bundle/1/global_head-2ffff7829604c31f69e180ad253a6654.js (1)
[6914:259:0123/202207.456877:INFO:CONSOLE(1)] "20:22:07.456: FanControls.initializeItems got data, doing some stuff", source: https://s4.bcbits.com/bundle/bundle/1/global_head-2ffff7829604c31f69e180ad253a6654.js (1)
[6914:259:0123/202207.456972:INFO:CONSOLE(1)] "20:22:07.456: FanControls.initializeItems getting data", source: https://s4.bcbits.com/bundle/bundle/1/global_head-2ffff7829604c31f69e180ad253a6654.js (1)
[6914:259:0123/202207.457006:INFO:CONSOLE(1)] "20:22:07.456: FanControls.getData: data is present", source: https://s4.bcbits.com/bundle/bundle/1/global_head-2ffff7829604c31f69e180ad253a6654.js (1)
[6914:259:0123/202207.457026:INFO:CONSOLE(1)] "20:22:07.456: FanControls.initializeItems got data, doing some stuff", source: https://s4.bcbits.com/bundle/bundle/1/global_head-2ffff7829604c31f69e180ad253a6654.js (1)
[6914:259:0123/202207.457126:INFO:CONSOLE(1)] "20:22:07.457: FanControls.initializeItems getting data", source: https://s4.bcbits.com/bundle/bundle/1/global_head-2ffff7829604c31f69e180ad253a6654.js (1)
[6914:259:0123/202207.457145:INFO:CONSOLE(1)] "20:22:07.457: FanControls.getData: data is present", source: https://s4.bcbits.com/bundle/bundle/1/global_head-2ffff7829604c31f69e180ad253a6654.js (1)
[6914:259:0123/202207.457191:INFO:CONSOLE(1)] "20:22:07.457: FanControls.initializeItems got data, doing some stuff", source: https://s4.bcbits.com/bundle/bundle/1/global_head-2ffff7829604c31f69e180ad253a6654.js (1)
[6914:259:0123/202207.457273:INFO:CONSOLE(1)] "20:22:07.457: FanControls.initializeItems getting data", source: https://s4.bcbits.com/bundle/bundle/1/global_head-2ffff7829604c31f69e180ad253a6654.js (1)
[6914:259:0123/202207.457306:INFO:CONSOLE(1)] "20:22:07.457: FanControls.getData: data is present", source: https://s4.bcbits.com/bundle/bundle/1/global_head-2ffff7829604c31f69e180ad253a6654.js (1)
[6914:259:0123/202207.457324:INFO:CONSOLE(1)] "20:22:07.457: FanControls.initializeItems got data, doing some stuff", source: https://s4.bcbits.com/bundle/bundle/1/global_head-2ffff7829604c31f69e180ad253a6654.js (1)
[6914:259:0123/202207.457418:INFO:CONSOLE(1)] "20:22:07.457: FanControls.initializeItems getting data", source: https://s4.bcbits.com/bundle/bundle/1/global_head-2ffff7829604c31f69e180ad253a6654.js (1)
[6914:259:0123/202207.457436:INFO:CONSOLE(1)] "20:22:07.457: FanControls.getData: data is present", source: https://s4.bcbits.com/bundle/bundle/1/global_head-2ffff7829604c31f69e180ad253a6654.js (1)
[6914:259:0123/202207.457458:INFO:CONSOLE(1)] "20:22:07.457: FanControls.initializeItems got data, doing some stuff", source: https://s4.bcbits.com/bundle/bundle/1/global_head-2ffff7829604c31f69e180ad253a6654.js (1)
[6914:259:0123/202207.457554:INFO:CONSOLE(1)] "20:22:07.457: FanControls.initializeItems getting data", source: https://s4.bcbits.com/bundle/bundle/1/global_head-2ffff7829604c31f69e180ad253a6654.js (1)
[6914:259:0123/202207.457592:INFO:CONSOLE(1)] "20:22:07.457: FanControls.getData: data is present", source: https://s4.bcbits.com/bundle/bundle/1/global_head-2ffff7829604c31f69e180ad253a6654.js (1)
[6914:259:0123/202207.457612:INFO:CONSOLE(1)] "20:22:07.457: FanControls.initializeItems got data, doing some stuff", source: https://s4.bcbits.com/bundle/bundle/1/global_head-2ffff7829604c31f69e180ad253a6654.js (1)
[6914:259:0123/202207.457702:INFO:CONSOLE(1)] "20:22:07.457: FanControls.initializeItems getting data", source: https://s4.bcbits.com/bundle/bundle/1/global_head-2ffff7829604c31f69e180ad253a6654.js (1)
[6914:259:0123/202207.457727:INFO:CONSOLE(1)] "20:22:07.457: FanControls.getData: data is present", source: https://s4.bcbits.com/bundle/bundle/1/global_head-2ffff7829604c31f69e180ad253a6654.js (1)
[6914:259:0123/202207.457743:INFO:CONSOLE(1)] "20:22:07.457: FanControls.initializeItems got data, doing some stuff", source: https://s4.bcbits.com/bundle/bundle/1/global_head-2ffff7829604c31f69e180ad253a6654.js (1)
[6914:259:0123/202207.457812:INFO:CONSOLE(1)] "20:22:07.457: FanControls.initializeItems getting data", source: https://s4.bcbits.com/bundle/bundle/1/global_head-2ffff7829604c31f69e180ad253a6654.js (1)
[6914:259:0123/202207.457829:INFO:CONSOLE(1)] "20:22:07.457: FanControls.getData: data is present", source: https://s4.bcbits.com/bundle/bundle/1/global_head-2ffff7829604c31f69e180ad253a6654.js (1)
[6914:259:0123/202207.457872:INFO:CONSOLE(1)] "20:22:07.457: FanControls.initializeItems got data, doing some stuff", source: https://s4.bcbits.com/bundle/bundle/1/global_head-2ffff7829604c31f69e180ad253a6654.js (1)
[6914:259:0123/202207.457921:INFO:CONSOLE(1)] "20:22:07.457: FanControls.initializeItems getting data", source: https://s4.bcbits.com/bundle/bundle/1/global_head-2ffff7829604c31f69e180ad253a6654.js (1)
[6914:259:0123/202207.457971:INFO:CONSOLE(1)] "20:22:07.457: FanControls.getData: data is present", source: https://s4.bcbits.com/bundle/bundle/1/global_head-2ffff7829604c31f69e180ad253a6654.js (1)
[6914:259:0123/202207.458011:INFO:CONSOLE(1)] "20:22:07.457: FanControls.initializeItems got data, doing some stuff", source: https://s4.bcbits.com/bundle/bundle/1/global_head-2ffff7829604c31f69e180ad253a6654.js (1)
[6914:259:0123/202207.458082:INFO:CONSOLE(1)] "20:22:07.458: FanControls.initializeItems getting data", source: https://s4.bcbits.com/bundle/bundle/1/global_head-2ffff7829604c31f69e180ad253a6654.js (1)
[6914:259:0123/202207.458101:INFO:CONSOLE(1)] "20:22:07.458: FanControls.getData: data is present", source: https://s4.bcbits.com/bundle/bundle/1/global_head-2ffff7829604c31f69e180ad253a6654.js (1)
[6914:259:0123/202207.458115:INFO:CONSOLE(1)] "20:22:07.458: FanControls.initializeItems got data, doing some stuff", source: https://s4.bcbits.com/bundle/bundle/1/global_head-2ffff7829604c31f69e180ad253a6654.js (1)
[6914:259:0123/202207.458178:INFO:CONSOLE(1)] "20:22:07.458: FanControls.initializeItems getting data", source: https://s4.bcbits.com/bundle/bundle/1/global_head-2ffff7829604c31f69e180ad253a6654.js (1)
[6914:259:0123/202207.458223:INFO:CONSOLE(1)] "20:22:07.458: FanControls.getData: data is present", source: https://s4.bcbits.com/bundle/bundle/1/global_head-2ffff7829604c31f69e180ad253a6654.js (1)
[6914:259:0123/202207.458239:INFO:CONSOLE(1)] "20:22:07.458: FanControls.initializeItems got data, doing some stuff", source: https://s4.bcbits.com/bundle/bundle/1/global_head-2ffff7829604c31f69e180ad253a6654.js (1)
[6914:259:0123/202207.458309:INFO:CONSOLE(1)] "20:22:07.458: FanControls.initializeItems getting data", source: https://s4.bcbits.com/bundle/bundle/1/global_head-2ffff7829604c31f69e180ad253a6654.js (1)
[6914:259:0123/202207.458349:INFO:CONSOLE(1)] "20:22:07.458: FanControls.getData: data is present", source: https://s4.bcbits.com/bundle/bundle/1/global_head-2ffff7829604c31f69e180ad253a6654.js (1)
[6914:259:0123/202207.458367:INFO:CONSOLE(1)] "20:22:07.458: FanControls.initializeItems got data, doing some stuff", source: https://s4.bcbits.com/bundle/bundle/1/global_head-2ffff7829604c31f69e180ad253a6654.js (1)
[6914:259:0123/202207.458490:INFO:CONSOLE(1)] "20:22:07.458: FanControls.initializeItems getting data", source: https://s4.bcbits.com/bundle/bundle/1/global_head-2ffff7829604c31f69e180ad253a6654.js (1)
[6914:259:0123/202207.458511:INFO:CONSOLE(1)] "20:22:07.458: FanControls.getData: data is present", source: https://s4.bcbits.com/bundle/bundle/1/global_head-2ffff7829604c31f69e180ad253a6654.js (1)
[6914:259:0123/202207.458525:INFO:CONSOLE(1)] "20:22:07.458: FanControls.initializeItems got data, doing some stuff", source: https://s4.bcbits.com/bundle/bundle/1/global_head-2ffff7829604c31f69e180ad253a6654.js (1)
[6914:259:0123/202208.019076:WARNING:pref_notifier_impl.cc(41)] Pref observer for media_router.cast_allow_all_ips found at shutdown.
